生成启动时间为 2016/7/10 15:49:36。
     1>项目“S:\Project_TempMatch\TempMatch\TempMatch\TempMatch.vcxproj”在节点 2 上(Build 个目标)。
     1>ClCompile:
         R:\Microsoft Visual Studio 12.0\VC\bin\CL.exe /c /ZI /nologo /W3 /WX- /Od /Oy- /D WIN32 /D _DEBUG /D _CONSOLE /D _LIB /D _UNICODE /D UNICODE /Gm /EHsc /RTC1 /MDd /GS /fp:precise /Zc:wchar_t /Zc:forScope /Fo"Debug\\" /Fd"Debug\vc120.pdb" /Gd /TP /analyze- /errorReport:prompt test.cpp
         test.cpp
     1>c:\opencv\build\include\opencv2\flann\logger.h(66): warning C4996: 'fopen': This function or variable may be unsafe. Consider using fopen_s instead. To disable deprecation, use _CRT_SECURE_NO_WARNINGS. See online help for details.
                 r:\microsoft visual studio 12.0\vc\include\stdio.h(211) : 参见“fopen”的声明
     1>s:\project_tempmatch\tempmatch\tempmatch\test.cpp(62): warning C4018: “<”: 有符号/无符号不匹配
     1>s:\project_tempmatch\tempmatch\tempmatch\test.cpp(105): warning C4018: “<”: 有符号/无符号不匹配
     1>s:\project_tempmatch\tempmatch\tempmatch\test.cpp(84): warning C4101: “pos”: 未引用的局部变量
       Link:
         R:\Microsoft Visual Studio 12.0\VC\bin\link.exe /ERRORREPORT:PROMPT /OUT:"S:\Project_TempMatch\TempMatch\Debug\TempMatch.exe" /INCREMENTAL /NOLOGO libeng.lib libmat.lib libmex.lib libmx.lib opencv_videostab249d.lib opencv_video249d.lib opencv_ts249d.lib opencv_superres249d.lib opencv_stitching249d.lib opencv_photo249d.lib opencv_ocl249d.lib opencv_objdetect249d.lib opencv_nonfree249d.lib opencv_ml249d.lib opencv_legacy249d.lib opencv_imgproc249d.lib opencv_highgui249d.lib opencv_gpu249d.lib opencv_flann249d.lib opencv_features2d249d.lib opencv_calib3d249d.lib opencv_contrib249d.lib opencv_core249d.lib kernel32.lib user32.lib gdi32.lib winspool.lib comdlg32.lib advapi32.lib shell32.lib ole32.lib oleaut32.lib uuid.lib odbc32.lib odbccp32.lib kernel32.lib user32.lib gdi32.lib winspool.lib comdlg32.lib advapi32.lib shell32.lib ole32.lib oleaut32.lib uuid.lib odbc32.lib odbccp32.lib /MANIFEST /MANIFESTUAC:"level='asInvoker' uiAccess='false'" /manifest:embed /DEBUG /PDB:"S:\Project_TempMatch\TempMatch\Debug\TempMatch.pdb" /SUBSYSTEM:CONSOLE /TLBID:1 /DYNAMICBASE /NXCOMPAT /IMPLIB:"S:\Project_TempMatch\TempMatch\Debug\TempMatch.lib" /MACHINE:X86 Debug\BorderRevised.obj
         Debug\ModHausdorffDist.obj
         Debug\m_hd.obj
         Debug\templateHistogram.obj
         Debug\test.obj
         Debug\xlsProcess.obj
         TempMatch.vcxproj -> S:\Project_TempMatch\TempMatch\Debug\TempMatch.exe
     1>已完成生成项目“S:\Project_TempMatch\TempMatch\TempMatch\TempMatch.vcxproj”(Build 个目标)的操作。

生成成功。

已用时间 00:00:02.23
