生成启动时间为 2016/7/6 9:14:14。
     1>项目“S:\Project_TempMatch\TempMatch\TempMatch\TempMatch.vcxproj”在节点 2 上(Build 个目标)。
     1>ClCompile:
         R:\Microsoft Visual Studio 12.0\VC\bin\CL.exe /c /Zi /nologo /W3 /WX- /O2 /Oi /Oy- /GL /D WIN32 /D NDEBUG /D _CONSOLE /D _LIB /D _UNICODE /D UNICODE /Gm- /EHsc /MD /GS /Gy /fp:precise /Zc:wchar_t /Zc:forScope /Fo"Release\\" /Fd"Release\vc120.pdb" /Gd /TP /analyze- /errorReport:prompt BorderRevised.cpp m_hd.cpp templateHistogram.cpp test.cpp
         BorderRevised.cpp
     1>c:\opencv\build\include\opencv2\flann\logger.h(66): warning C4996: 'fopen': This function or variable may be unsafe. Consider using fopen_s instead. To disable deprecation, use _CRT_SECURE_NO_WARNINGS. See online help for details.
                 R:\Microsoft Visual Studio 12.0\VC\include\stdio.h(211) : 参见“fopen”的声明
         m_hd.cpp
     1>c:\opencv\build\include\opencv2\flann\logger.h(66): warning C4996: 'fopen': This function or variable may be unsafe. Consider using fopen_s instead. To disable deprecation, use _CRT_SECURE_NO_WARNINGS. See online help for details.
                 R:\Microsoft Visual Studio 12.0\VC\include\stdio.h(211) : 参见“fopen”的声明
         templateHistogram.cpp
     1>c:\opencv\build\include\opencv2\flann\logger.h(66): warning C4996: 'fopen': This function or variable may be unsafe. Consider using fopen_s instead. To disable deprecation, use _CRT_SECURE_NO_WARNINGS. See online help for details.
                 R:\Microsoft Visual Studio 12.0\VC\include\stdio.h(211) : 参见“fopen”的声明
     1>templateHistogram.cpp(37): warning C4244: “初始化”: 从“double”转换到“int”，可能丢失数据
     1>templateHistogram.cpp(57): warning C4244: “初始化”: 从“double”转换到“int”，可能丢失数据
         test.cpp
     1>c:\opencv\build\include\opencv2\flann\logger.h(66): warning C4996: 'fopen': This function or variable may be unsafe. Consider using fopen_s instead. To disable deprecation, use _CRT_SECURE_NO_WARNINGS. See online help for details.
                 R:\Microsoft Visual Studio 12.0\VC\include\stdio.h(211) : 参见“fopen”的声明
     1>test.cpp(68): warning C4018: “<”: 有符号/无符号不匹配
     1>test.cpp(111): warning C4018: “<”: 有符号/无符号不匹配
     1>test.cpp(90): warning C4101: “pos”: 未引用的局部变量
     1>test.cpp(196): warning C4566: 由通用字符名称“\u202A”表示的字符不能在当前代码页(936)中表示出来
       Link:
         R:\Microsoft Visual Studio 12.0\VC\bin\link.exe /ERRORREPORT:PROMPT /OUT:"S:\Project_TempMatch\TempMatch\Release\TempMatch.exe" /INCREMENTAL:NO /NOLOGO libeng.lib libmat.lib libmex.lib libmx.lib opencv_videostab249.lib opencv_video249.lib opencv_ts249.lib opencv_superres249.lib opencv_stitching249.lib opencv_photo249.lib opencv_ocl249.lib opencv_objdetect249.lib opencv_nonfree249.lib opencv_ml249.lib opencv_legacy249.lib opencv_imgproc249.lib opencv_highgui249.lib opencv_gpu249.lib opencv_flann249.lib opencv_features2d249.lib opencv_core249.lib opencv_contrib249.lib opencv_calib3d249.lib kernel32.lib user32.lib gdi32.lib winspool.lib comdlg32.lib advapi32.lib shell32.lib ole32.lib oleaut32.lib uuid.lib odbc32.lib odbccp32.lib kernel32.lib user32.lib gdi32.lib winspool.lib comdlg32.lib advapi32.lib shell32.lib ole32.lib oleaut32.lib uuid.lib odbc32.lib odbccp32.lib /MANIFEST /MANIFESTUAC:"level='asInvoker' uiAccess='false'" /manifest:embed /DEBUG /PDB:"S:\Project_TempMatch\TempMatch\Release\TempMatch.pdb" /SUBSYSTEM:CONSOLE /OPT:REF /OPT:ICF /LTCG /TLBID:1 /DYNAMICBASE /NXCOMPAT /IMPLIB:"S:\Project_TempMatch\TempMatch\Release\TempMatch.lib" /MACHINE:X86 /SAFESEH Release\BorderRevised.obj
         Release\m_hd.obj
         Release\templateHistogram.obj
         Release\test.obj
         正在生成代码
         已完成代码的生成
         TempMatch.vcxproj -> S:\Project_TempMatch\TempMatch\Release\TempMatch.exe
     1>已完成生成项目“S:\Project_TempMatch\TempMatch\TempMatch\TempMatch.vcxproj”(Build 个目标)的操作。

生成成功。

已用时间 00:00:06.09
